20180705000434: STARTING DL Thread
20180705000437: Adding Event: From:AC2CZ to PFS3-11 Ctrl: 3 Type: UI PID: bd FLG: 10 FILE: 0 BLK_SIZE: f4 First HOLE: Mon Jun 11 04:46:37 EDT 2018 - Mon Jan 18 22:14:07 EST 2038
20180705000442: Window Closed
20180705153240: Making new database: C:\Users\chris\Desktop\workspace\Falcon\FalconSat-3
20180705153240: STARTING DL Thread
20180705153242: START Frame Decoder Thread
20180705153242: START TNC Decoder Thread
20180705153255: EXIT Frame Decoder Thread
20180705153255: START Frame Decoder Thread
20180705153255: EXIT TNC Decoder Thread
20180705153255: START TNC Decoder Thread
20180705153255: Adding Event: PB: Empty..
20180705153255: Adding Event: From:AC2CZ to PFS3-11 Ctrl: 3 Type: UI PID: bd FLG: 10 FILE: 0 BLK_SIZE: f4 First HOLE: Wed Dec 31 19:00:00 EST 1969 - Mon Jan 18 22:14:07 EST 2038
20180705153255: From:AC2CZ to PFS3-11 Ctrl: 3 Type: UI PID: bd FLG: 10 FILE: 0 BLK_SIZE: f4 First HOLE: Wed Dec 31 19:00:00 EST 1969 - Mon Jan 18 22:14:07 EST 2038
20180705153255: Adding Event: OK N8MH.
20180705153255: Adding Event: PB: N8MH.
20180705153255: Adding Event: PB: Empty..
20180705153255: Saved directory to disk
20180705153255: Saved directory to disk
20180705153256: Saved directory to disk
20180705153256: Saved directory to disk
20180705153256: Saved directory to disk
20180705153257: Saved directory to disk
20180705153257: Adding Event: PB: AC2CZ\D.
20180705153257: Adding Event: From:AC2CZ to PFS3-11 Ctrl: 3 Type: UI PID: bd FLG: 10 FILE: 0 BLK_SIZE: f4 First HOLE: Sun Jun 10 05:23:05 EDT 2018 - Mon Jan 18 22:14:07 EST 2038
20180705153257: Saved directory to disk
20180705153257: Saved directory to disk
20180705153257: Saved directory to disk
20180705153257: Saved directory to disk
20180705153258: Saved directory to disk
20180705153258: Saved directory to disk
20180705153258: Saved directory to disk
20180705153258: Adding Event: PB: Empty..
20180705153259: Adding Event: OK AC2CZ.
20180705153259: Adding Event: PB: AC2CZ\D.
20180705153259: Adding Event: Open ABCD: 
20180705153259: Saved directory to disk
20180705153259: Saved directory to disk
20180705153300: Saved directory to disk
20180705153300: Saved directory to disk
20180705153300: Saved directory to disk
20180705153300: Saved directory to disk
20180705153300: Saved directory to disk
20180705153300: Saved directory to disk
20180705153301: Saved directory to disk
20180705153301: Saved directory to disk
20180705153301: Saved directory to disk
20180705153301: Saved directory to disk
20180705153302: Saved directory to disk
20180705153302: Saved directory to disk
20180705153302: Saved directory to disk
20180705153302: Adding Event: PB: AC2CZ\D.
20180705153303: Saved directory to disk
20180705153303: Saved directory to disk
20180705153303: Saved directory to disk
20180705153303: Saved directory to disk
20180705153303: Saved directory to disk
20180705153303: Saved directory to disk
20180705153304: Saved directory to disk
20180705153304: Saved directory to disk
20180705153304: Saved directory to disk
20180705153304: Adding Event: PB: Empty..
20180705153304: Adding Event: OK AC2CZ.
20180705153304: Adding Event: PB: AC2CZ\D.
20180705153304: Saved directory to disk
20180705153305: Saved directory to disk
20180705153305: EXIT TNC Decoder Thread
20180705153305: Saved directory to disk
20180705153409: Window Closed
20180705153421: Making new database: C:\Users\chris\Desktop\workspace\Falcon\FalconSat-3
20180705153421: STARTING DL Thread
20180705153558: SplitPane: 463
20180705155152: STARTING DL Thread
20180705155155: START Frame Decoder Thread
20180705155155: START TNC Decoder Thread
20180705155205: Window Closed
20180705155213: Adding Event: OK AC2CZ.
20180705155215: Adding Event: OK AC2CZ.
20180705155216: Adding Event: OK AC2CZ.
20180705155217: Adding Event: OK AC2CZ.
20180705155217: Adding Event: OK AC2CZ.
20180705155218: Adding Event: OK AC2CZ.
20180705155218: Adding Event: OK AC2CZ.
20180705155219: Adding Event: OK AC2CZ.
20180705155219: Adding Event: OK AC2CZ.
20180705155221: Adding Event: PB: KB2M AC2CZ.
20180705155226: EXIT Frame Decoder Thread
20180705155226: Window Closed
