20180704222639: STARTING DL Thread
20180704222644: START Frame Decoder Thread
20180704222644: START TNC Decoder Thread
20180704222650: Adding Event: OK AC2CZ.
20180704222651: Adding Event: OK AC2CZ.
20180704222658: Adding Event: OK AC2CZ.
20180704222709: Adding Event: PB: AC2CZ\D.
20180704222710: Adding Event: PB: KB2M AC2CZ.
20180704222712: Adding Event: OK AC2CZ.
20180704222715: Adding Event: PB: K4KDR.
20180704222719: Adding Event: OK AC2CZ.
20180704222723: EXIT Frame Decoder Thread
20180704222723: Window Closed
20180704223746: STARTING DL Thread
20180704223746: START Frame Decoder Thread
20180704223746: Adding Event: PB: Empty..
20180704223746: Adding Event: OK N2SPI.
20180704223746: Adding Event: PB: N2SPI\D.
20180704223747: Adding Event: PB: Empty..
20180704223747: Adding Event: PB: Empty..
20180704223747: Adding Event: PB: Empty..
20180704223747: Adding Event: PB: Empty..
20180704223747: Adding Event: Open ABCD: 
20180704223747: Adding Event: PB: Empty..
20180704223747: Adding Event: PB: Empty..
20180704223748: Adding Event: PB: Empty..
20180704223748: Adding Event: OK N8MH.
20180704223748: Adding Event: PB: N8MH\D.
20180704223748: Adding Event: PB: Empty..
20180704223749: Adding Event: PB: Empty..
20180704223749: Adding Event: OK N8MH.
20180704223749: Adding Event: PB: N8MH\D.
20180704223749: Adding Event: OK N8MH.
20180704223751: Adding Event: PB: N8MH.
20180704223752: Adding Event: PB: Empty..
20180704223752: Adding Event: OK N8MH.
20180704223752: Adding Event: PB: N8MH.
20180704223752: Adding Event: PB: Empty..
20180704223752: Adding Event: OK N8MH.
20180704223752: Adding Event: PB: N8MH.
20180704223752: Adding Event: PB: Empty..
20180704223753: Adding Event: Open ABCD: 
20180704223753: Adding Event: PB: Empty..
20180704223753: Adding Event: PB: Empty..
20180704223753: Adding Event: PB: Empty..
20180704223753: Adding Event: PB: Empty..
20180704223753: Adding Event: PB: Empty..
20180704223753: Adding Event: PB: Empty..
20180704223753: Adding Event: Open ABCD: 
20180704223753: Adding Event: PB: Empty..
20180704223754: Adding Event: PB: Empty..
20180704223754: Adding Event: PB: Empty..
20180704223755: Adding Event: PB: Empty..
20180704223755: Adding Event: PB: Empty..
20180704223755: Adding Event: Open ABCD: 
20180704223755: Adding Event: PB: Empty..
20180704223755: Adding Event: PB: Empty..
20180704223757: STARTING DL Thread
20180704223757: START Frame Decoder Thread
20180704223757: Adding Event: PB: Empty..
20180704223757: Adding Event: OK N2SPI.
20180704223757: Adding Event: PB: N2SPI\D.
20180704223757: Adding Event: PB: Empty..
20180704223757: Adding Event: PB: Empty..
20180704223757: Adding Event: PB: Empty..
20180704223757: Adding Event: PB: Empty..
20180704223757: Adding Event: Open ABCD: 
20180704223757: Adding Event: PB: Empty..
20180704223757: Adding Event: PB: Empty..
20180704223757: Adding Event: PB: Empty..
20180704223757: Adding Event: OK N8MH.
20180704223757: Adding Event: PB: N8MH\D.
20180704223757: Adding Event: PB: Empty..
20180704223757: Adding Event: PB: Empty..
20180704223757: Adding Event: OK N8MH.
20180704223757: Adding Event: PB: N8MH\D.
20180704223757: Adding Event: OK N8MH.
20180704223757: Adding Event: PB: N8MH.
20180704223758: Adding Event: PB: Empty..
20180704223758: Adding Event: OK N8MH.
20180704223758: Adding Event: PB: N8MH.
20180704223758: Adding Event: PB: Empty..
20180704223758: Adding Event: OK N8MH.
20180704223758: Adding Event: PB: N8MH.
20180704223758: Adding Event: PB: Empty..
20180704223758: Adding Event: Open ABCD: 
20180704223758: Adding Event: PB: Empty..
20180704223758: Adding Event: PB: Empty..
20180704223758: Adding Event: PB: Empty..
20180704223758: Adding Event: PB: Empty..
20180704223758: Adding Event: PB: Empty..
20180704223758: Adding Event: PB: Empty..
20180704223758: Adding Event: Open ABCD: 
20180704223758: Adding Event: PB: Empty..
20180704223758: Adding Event: PB: Empty..
20180704223758: Adding Event: PB: Empty..
20180704223758: Adding Event: PB: Empty..
20180704223758: Adding Event: PB: Empty..
20180704223758: Adding Event: Open ABCD: 
20180704223758: Adding Event: PB: Empty..
20180704223758: Adding Event: PB: Empty..
20180704223758: Adding Event: PB: Empty..
20180704223758: Adding Event: PB: Empty..
20180704223758: Adding Event: PB: Empty..
20180704223758: Adding Event: Open ABCD: 
20180704223758: Adding Event: PB: Empty..
20180704223758: Adding Event: PB: Empty..
20180704223758: Adding Event: PB: Empty..
20180704223758: Adding Event: PB: Empty..
20180704223758: Adding Event: PB: Empty..
20180704223758: Adding Event: Open ABCD: 
20180704223758: Adding Event: PB: Empty..
20180704223758: Adding Event: PB: Empty..
20180704223758: Adding Event: PB: Empty..
20180704223758: Adding Event: PB: Empty..
20180704223758: Adding Event: PB: Empty..
20180704223758: Adding Event: Open ABCD: 
20180704223758: Adding Event: PB: Empty..
20180704223758: Adding Event: PB: Empty..
20180704223758: Adding Event: PB: Empty..
20180704223758: Adding Event: PB: Empty..
20180704223758: Adding Event: Open ABCD: 
20180704223758: Adding Event: PB: Empty..
20180704223758: Adding Event: PB: Empty..
20180704223758: Adding Event: PB: Empty..
20180704223758: Adding Event: PB: Empty..
20180704223758: Adding Event: PB: Empty..
20180704223758: Adding Event: Open ABCD: 
20180704223758: Adding Event: PB: Empty..
20180704223758: Adding Event: PB: Empty..
20180704223758: Adding Event: PB: Empty..
20180704223758: Adding Event: PB: Empty..
20180704223758: Adding Event: PB: Empty..
20180704223758: EXIT DL Thread
20180704223813: STARTING DL Thread
20180704223813: START Frame Decoder Thread
20180704223813: Adding Event: PB: Empty..
20180704223813: Adding Event: OK N2SPI.
20180704223813: Adding Event: PB: N2SPI\D.
20180704223813: Adding Event: PB: Empty..
20180704223814: Adding Event: PB: Empty..
20180704223814: Adding Event: PB: Empty..
20180704223814: Adding Event: PB: Empty..
20180704223814: Adding Event: Open ABCD: 
20180704223814: Adding Event: PB: Empty..
20180704223814: Adding Event: PB: Empty..
20180704223815: Adding Event: PB: Empty..
20180704223815: Adding Event: OK N8MH.
20180704223815: Adding Event: PB: N8MH\D.
20180704223815: Adding Event: PB: Empty..
20180704223816: Adding Event: PB: Empty..
20180704223816: Adding Event: OK N8MH.
20180704223816: Adding Event: PB: N8MH\D.
20180704223816: Adding Event: OK N8MH.
20180704223818: Adding Event: PB: N8MH.
20180704223819: Adding Event: PB: Empty..
20180704223819: Adding Event: OK N8MH.
20180704223819: Adding Event: PB: N8MH.
20180704223819: Adding Event: PB: Empty..
20180704223819: Adding Event: OK N8MH.
20180704223819: Adding Event: PB: N8MH.
20180704223819: Adding Event: PB: Empty..
20180704223819: Adding Event: Open ABCD: 
20180704223819: Adding Event: PB: Empty..
20180704223819: Adding Event: PB: Empty..
20180704223820: Adding Event: PB: Empty..
20180704223820: Adding Event: PB: Empty..
20180704223820: Adding Event: PB: Empty..
20180704223820: Adding Event: PB: Empty..
20180704223820: Adding Event: Open ABCD: 
20180704223820: Adding Event: PB: Empty..
20180704223820: Adding Event: PB: Empty..
20180704223821: Adding Event: PB: Empty..
20180704223822: Adding Event: PB: Empty..
20180704223822: Adding Event: PB: Empty..
20180704223822: Adding Event: Open ABCD: 
20180704223822: Adding Event: PB: Empty..
20180704223822: Adding Event: PB: Empty..
20180704223822: Adding Event: PB: Empty..
20180704223822: Adding Event: PB: Empty..
20180704223822: Adding Event: PB: Empty..
20180704223823: Adding Event: Open ABCD: 
20180704223823: Adding Event: PB: Empty..
20180704223823: Adding Event: PB: Empty..
20180704223823: Adding Event: PB: Empty..
20180704223824: Adding Event: PB: Empty..
20180704223824: Adding Event: PB: Empty..
20180704223824: Adding Event: Open ABCD: 
20180704223824: Adding Event: PB: Empty..
20180704223824: Adding Event: PB: Empty..
20180704223825: Adding Event: PB: Empty..
20180704223825: Adding Event: PB: Empty..
20180704223826: Adding Event: PB: Empty..
20180704223826: Adding Event: Open ABCD: 
20180704223826: Adding Event: PB: Empty..
20180704223826: Adding Event: PB: Empty..
20180704223827: Adding Event: PB: Empty..
20180704223827: Adding Event: PB: Empty..
20180704223827: Adding Event: Open ABCD: 
20180704223827: Adding Event: PB: Empty..
20180704223828: Adding Event: PB: Empty..
20180704223828: Adding Event: PB: Empty..
20180704223828: Adding Event: PB: Empty..
20180704223828: Adding Event: PB: Empty..
20180704223828: Adding Event: Open ABCD: 
20180704223828: Adding Event: PB: Empty..
20180704223829: Adding Event: PB: Empty..
20180704223829: Adding Event: PB: Empty..
20180704223829: Adding Event: PB: Empty..
20180704223829: Adding Event: PB: Empty..
20180704223829: EXIT DL Thread
20180704223855: START Frame Decoder Thread
20180704223855: STARTING DL Thread
20180704223855: Adding Event: PB: Empty..
20180704223855: Adding Event: OK N2SPI.
20180704223855: Adding Event: PB: N2SPI\D.
20180704223855: Adding Event: PB: Empty..
20180704223855: Adding Event: PB: Empty..
20180704223855: Adding Event: PB: Empty..
20180704223856: Adding Event: PB: Empty..
20180704223856: Adding Event: Open ABCD: 
20180704223856: Adding Event: PB: Empty..
20180704223856: Adding Event: PB: Empty..
20180704223856: Adding Event: PB: Empty..
20180704223856: Adding Event: OK N8MH.
20180704223856: Adding Event: PB: N8MH\D.
20180704223857: Adding Event: PB: Empty..
20180704223857: Adding Event: PB: Empty..
20180704223857: Adding Event: OK N8MH.
20180704223857: Adding Event: PB: N8MH\D.
20180704223858: Adding Event: OK N8MH.
20180704223900: Adding Event: PB: N8MH.
20180704223900: Adding Event: PB: Empty..
20180704223900: Adding Event: OK N8MH.
20180704223900: Adding Event: PB: N8MH.
20180704223901: Adding Event: PB: Empty..
20180704223901: Adding Event: OK N8MH.
20180704223901: Adding Event: PB: N8MH.
20180704223901: Adding Event: PB: Empty..
20180704223901: Adding Event: Open ABCD: 
20180704223901: Adding Event: PB: Empty..
20180704223901: Adding Event: PB: Empty..
20180704223901: Adding Event: PB: Empty..
20180704223901: Adding Event: PB: Empty..
20180704223902: Adding Event: PB: Empty..
20180704223902: Adding Event: PB: Empty..
20180704223902: Adding Event: Open ABCD: 
20180704223902: Adding Event: PB: Empty..
20180704223902: Adding Event: PB: Empty..
20180704223902: Adding Event: PB: Empty..
20180704223903: Adding Event: PB: Empty..
20180704223903: Adding Event: PB: Empty..
20180704223903: Adding Event: Open ABCD: 
20180704223903: Adding Event: PB: Empty..
20180704223904: Adding Event: PB: Empty..
20180704223904: Adding Event: PB: Empty..
20180704223904: Adding Event: PB: Empty..
20180704223904: Adding Event: PB: Empty..
20180704223905: Adding Event: Open ABCD: 
20180704223905: Adding Event: PB: Empty..
20180704223905: Adding Event: PB: Empty..
20180704223905: Adding Event: PB: Empty..
20180704223905: Adding Event: PB: Empty..
20180704223905: Adding Event: PB: Empty..
20180704223906: Adding Event: Open ABCD: 
20180704223906: Adding Event: PB: Empty..
20180704223906: Adding Event: PB: Empty..
20180704223906: Adding Event: PB: Empty..
20180704223907: Adding Event: PB: Empty..
20180704223907: Adding Event: PB: Empty..
20180704223907: Adding Event: Open ABCD: 
20180704223908: Adding Event: PB: Empty..
20180704223908: Adding Event: PB: Empty..
20180704223909: Adding Event: PB: Empty..
20180704223909: Adding Event: PB: Empty..
20180704223909: Adding Event: Open ABCD: 
20180704223909: Adding Event: PB: Empty..
20180704223909: Adding Event: PB: Empty..
20180704223909: Adding Event: PB: Empty..
20180704223909: Adding Event: PB: Empty..
20180704223909: Adding Event: PB: Empty..
20180704223910: Adding Event: Open ABCD: 
20180704223910: Adding Event: PB: Empty..
20180704223910: Adding Event: PB: Empty..
20180704223910: Adding Event: PB: Empty..
20180704223910: Adding Event: PB: Empty..
20180704223910: Adding Event: PB: Empty..
20180704223910: EXIT Frame Decoder Thread
20180704223910: EXIT DL Thread
20180704233446: START Frame Decoder Thread
20180704233446: STARTING DL Thread
20180704233446: Adding Event: PB: Empty..
20180704233446: Adding Event: OK N2SPI.
20180704233446: Adding Event: PB: N2SPI\D.
20180704233446: Adding Event: PB: Empty..
20180704233447: Adding Event: PB: Empty..
20180704233447: Adding Event: PB: Empty..
20180704233447: Adding Event: PB: Empty..
20180704233447: Adding Event: Open ABCD: 
20180704233447: Adding Event: PB: Empty..
20180704233447: Adding Event: PB: Empty..
20180704233448: Adding Event: PB: Empty..
20180704233448: Adding Event: OK N8MH.
20180704233448: Adding Event: PB: N8MH\D.
20180704233448: Adding Event: PB: Empty..
20180704233448: Adding Event: PB: Empty..
20180704233448: Adding Event: OK N8MH.
20180704233448: Adding Event: PB: N8MH\D.
20180704233449: Adding Event: OK N8MH.
20180704233453: STARTING DL Thread
20180704233457: START Frame Decoder Thread
20180704233457: START TNC Decoder Thread
20180704233505: Adding Event: OK AC2CZ.
20180704233520: EXIT Frame Decoder Thread
20180704233520: Window Closed
20180704233525: STARTING DL Thread
20180704233529: START Frame Decoder Thread
20180704233529: START TNC Decoder Thread
20180704234130: STARTING DL Thread
20180704234133: Adding Event: From:AC2CZ to PFS3-11 Ctrl: 3 Type: UI PID: bd FLG: 10 FILE: 0 BLK_SIZE: f4 First HOLE: Wed Dec 31 19:00:00 EST 1969 - Mon Jan 18 22:14:07 EST 2038
20180704234157: Window Closed
20180704234206: STARTING DL Thread
20180704234552: STARTING DL Thread
20180704234607: STARTING DL Thread
20180704234621: STARTING DL Thread
20180704234753: STARTING DL Thread
20180704235102: Adding Event: From:AC2CZ to PFS3-11 Ctrl: 3 Type: UI PID: bd FLG: 10 FILE: 0 BLK_SIZE: f4 First HOLE: Wed Dec 31 19:00:00 EST 1969 - Mon Jan 18 22:14:07 EST 2038
20180704235356: Window Closed
20180704235447: Making new database: C:\Users\chris\Desktop\workspace\Falcon\FalconSat-3
20180704235447: STARTING DL Thread
20180704235453: START Frame Decoder Thread
20180704235453: START TNC Decoder Thread
20180704235453: Adding Event: PB: Empty..
20180704235453: Adding Event: PB: Empty..
20180704235453: Adding Event: PB: Empty..
20180704235453: Adding Event: PB: Empty..
20180704235453: Adding Event: PB: Empty..
20180704235453: Adding Event: PB: AC2CZ.
20180704235453: Adding Event: PB: Empty..
20180704235453: Adding Event: OK K4KDR.
20180704235453: Adding Event: PB: K4KDR.
20180704235454: Saved directory to disk
20180704235455: Adding Event: PB: K4KDR.
20180704235455: Adding Event: OK KB2M.
20180704235455: Adding Event: PB: K4KDR.
20180704235455: Adding Event: OK KB2M.
20180704235455: Adding Event: PB: Empty..
20180704235455: Adding Event: PB: Empty..
20180704235455: Adding Event: PB: Empty..
20180704235456: Adding Event: Open ABCD: 
20180704235456: Adding Event: PB: Empty..
20180704235456: Adding Event: OK K4KDR.
20180704235456: Adding Event: PB: K4KDR\D.
20180704235456: Saved directory to disk
20180704235456: Saved directory to disk
20180704235456: Adding Event: OK KB2M.
20180704235456: Adding Event: PB: Empty..
20180704235456: Adding Event: OK AC2CZ.
20180704235456: Adding Event: OK K4KDR.
20180704235456: Adding Event: OK KB2M.
20180704235456: Adding Event: PB: AC2CZ.
20180704235457: Adding Event: PB: AC2CZ.
20180704235501: Adding Event: Open ABCD: 
20180704235501: Adding Event: PB: AC2CZ.
20180704235504: Adding Event: OK KB2M.
20180704235505: Adding Event: PB: KB2M AC2CZ.
20180704235505: Saved directory to disk
20180704235505: Adding Event: PB: AC2CZ.
20180704235511: Adding Event: PB: AC2CZ.
20180704235516: Adding Event: PB: AC2CZ.
20180704235519: Adding Event: PB: Empty..
20180704235519: Adding Event: OK AC2CZ.
20180704235519: Adding Event: PB: AC2CZ.
20180704235520: Adding Event: Open ABCD: 
20180704235520: Adding Event: PB: AC2CZ.
20180704235521: Adding Event: PB: AC2CZ.
20180704235521: Adding Event: PB: Empty..
20180704235521: Adding Event: OK AC2CZ.
20180704235522: Adding Event: PB: Empty..
20180704235522: Adding Event: OK AC2CZ.
20180704235522: Adding Event: PB: AC2CZ.
20180704235523: Adding Event: PB: KB2M AC2CZ.
20180704235523: Adding Event: PB: AC2CZ.
20180704235526: Adding Event: PB: AC2CZ.
20180704235526: Adding Event: PB: Empty..
20180704235526: Adding Event: Open ABCD: 
20180704235526: Adding Event: OK KB2M.
20180704235526: Adding Event: PB: KB2M.
20180704235526: Adding Event: PB: Empty..
20180704235526: Adding Event: PB: Empty..
20180704235526: Adding Event: OK AC2CZ.
20180704235529: Adding Event: PB: AC2CZ.
20180704235530: Adding Event: PB: Empty..
20180704235531: Adding Event: OK AC2CZ.
20180704235531: Adding Event: PB: AC2CZ.
20180704235532: Adding Event: PB: Empty..
20180704235532: Adding Event: PB: Empty..
20180704235533: Adding Event: PB: Empty..
20180704235533: Adding Event: OK AC2CZ.
20180704235533: Adding Event: PB: AC2CZ.
20180704235536: Adding Event: PB: Empty..
20180704235536: Adding Event: OK AC2CZ.
20180704235536: Adding Event: PB: AC2CZ.
20180704235540: Adding Event: PB: Empty..
20180704235540: Adding Event: OK KB2M.
20180704235540: Adding Event: PB: KB2M.
20180704235540: Adding Event: Open AB D: K4KDR  
20180704235541: Adding Event: PB: Empty..
20180704235541: Adding Event: OK AC2CZ.
20180704235541: Adding Event: PB: AC2CZ.
20180704235541: Adding Event: OK KB2M.
20180704235542: Adding Event: PB: KB2M.
20180704235542: Adding Event: PB: Empty..
20180704235543: Adding Event: OK AC2CZ.
20180704235543: Adding Event: PB: AC2CZ.
20180704235544: Adding Event: From:AC2CZ to PFS3-11 Ctrl: 3 Type: UI PID: bd FLG: 10 FILE: 0 BLK_SIZE: f4 First HOLE: Mon Mar 26 00:20:33 EDT 2018 - Mon Jan 18 22:14:07 EST 2038
20180704235544: Adding Event: Open ABCD: 
20180704235545: Adding Event: PB: Empty..
20180704235545: Adding Event: OK AC2CZ.
20180704235546: Adding Event: PB: Empty..
20180704235546: Adding Event: PB: Empty..
20180704235546: Adding Event: OK AC2CZ.
20180704235546: Adding Event: PB: AC2CZ.
20180704235546: Adding Event: Open ABCD: 
20180704235547: Adding Event: PB: Empty..
20180704235547: Adding Event: OK KB2M.
20180704235547: Adding Event: PB: KB2M.
20180704235547: Adding Event: OK AC2CZ.
20180704235547: Adding Event: PB: AC2CZ.
20180704235551: Adding Event: PB: Empty..
20180704235551: Adding Event: OK KB2M.
20180704235551: Adding Event: PB: KB2M.
20180704235551: Adding Event: PB: Empty..
20180704235552: Adding Event: Open ABCD: 
20180704235552: Adding Event: PB: Empty..
20180704235552: Adding Event: PB: Empty..
20180704235552: Adding Event: OK KB2M.
20180704235552: Adding Event: PB: KB2M.
20180704235553: Adding Event: PB: Empty..
20180704235553: Adding Event: OK KB2M.
20180704235553: Adding Event: PB: KB2M.
20180704235553: Adding Event: PB: Empty..
20180704235553: Adding Event: PB: Empty..
20180704235553: Adding Event: Open ABCD: 
20180704235553: Adding Event: PB: Empty..
20180704235553: Adding Event: PB: Empty..
20180704235553: Adding Event: OK KB2M.
20180704235553: Adding Event: PB: KB2M.
20180704235553: Adding Event: OK AC2CZ.
20180704235553: Adding Event: PB: AC2CZ.
20180704235553: Adding Event: PB: Empty..
20180704235553: Adding Event: OK AC2CZ.
20180704235553: Adding Event: PB: AC2CZ.
20180704235554: Adding Event: OK KB2M.
20180704235554: Adding Event: PB: KB2M.
20180704235555: Adding Event: PB: Empty..
20180704235555: Adding Event: OK AC2CZ.
20180704235555: Adding Event: PB: AC2CZ.
20180704235555: Adding Event: Open ABCD: 
20180704235555: Adding Event: PB: Empty..
20180704235555: Adding Event: Open ABCD: 
20180704235555: Adding Event: PB: Empty..
20180704235555: Adding Event: OK AC2CZ.
20180704235555: Adding Event: PB: AC2CZ.
20180704235556: Adding Event: PB: Empty..
20180704235556: Adding Event: Open ABCD: 
20180704235556: Adding Event: OK AC2CZ.
20180704235556: Adding Event: PB: AC2CZ.
20180704235557: Adding Event: PB: Empty..
20180704235557: Adding Event: OK AC2CZ.
20180704235557: Adding Event: PB: Empty..
20180704235557: Adding Event: PB: Empty..
20180704235557: Adding Event: OK AC2CZ.
20180704235557: Adding Event: PB: AC2CZ.
20180704235558: Adding Event: PB: Empty..
20180704235558: Adding Event: OK AC2CZ.
20180704235558: Adding Event: PB: AC2CZ.
20180704235603: Adding Event: Open ABCD: 
20180704235604: Adding Event: PB: AC2CZ.
20180704235610: Adding Event: PB: AC2CZ.
20180704235613: Adding Event: PB: AC2CZ.
20180704235619: Adding Event: PB: AC2CZ.
20180704235624: Adding Event: PB: AC2CZ.
20180704235627: Adding Event: PB: AC2CZ.
20180704235628: Adding Event: Open ABCD: 
20180704235632: Adding Event: PB: AC2CZ.
20180704235634: Adding Event: PB: Empty..
20180704235634: Adding Event: OK AC2CZ.
20180704235634: Adding Event: PB: AC2CZ.
20180704235635: Adding Event: PB: Empty..
20180704235635: Adding Event: OK AC2CZ.
20180704235635: Adding Event: PB: AC2CZ.
20180704235635: Adding Event: PB: Empty..
20180704235635: Adding Event: OK AC2CZ.
20180704235635: Adding Event: PB: AC2CZ.
20180704235635: Adding Event: Open ABCD: 
20180704235635: Adding Event: PB: Empty..
20180704235635: Adding Event: OK AC2CZ.
20180704235636: Adding Event: PB: AC2CZ.
20180704235636: Saved directory to disk
20180704235637: Adding Event: Open ABCD: 
20180704235637: Adding Event: PB: Empty..
20180704235637: Adding Event: OK AC2CZ.
20180704235637: Adding Event: PB: AC2CZ.
20180704235637: Adding Event: PB: Empty..
20180704235637: Adding Event: OK AC2CZ.
20180704235637: Adding Event: PB: AC2CZ.
20180704235640: Adding Event: PB: Empty..
20180704235641: Adding Event: OK AC2CZ.
20180704235641: Adding Event: PB: AC2CZ.
20180704235644: Adding Event: PB: Empty..
20180704235644: Adding Event: OK AC2CZ.
20180704235644: Adding Event: PB: AC2CZ.
20180704235646: Adding Event: Open ABCD: 
20180704235646: Adding Event: PB: Empty..
20180704235646: Adding Event: OK AC2CZ.
20180704235646: Window Closed
20180704235649: STARTING DL Thread
20180704235657: Adding Event: From:AC2CZ to PFS3-11 Ctrl: 3 Type: UI PID: bd FLG: 10 FILE: 0 BLK_SIZE: f4 First HOLE: Mon Mar 26 00:20:33 EDT 2018 - Mon Jan 18 22:14:07 EST 2038
20180704235714: STARTING DL Thread
20180704235718: Adding Event: From:AC2CZ to PFS3-11 Ctrl: 3 Type: UI PID: bd FLG: 10 FILE: 0 BLK_SIZE: f4 First HOLE: Mon Mar 26 00:20:33 EDT 2018 - Mon Jan 18 22:14:07 EST 2038
20180704235727: START Frame Decoder Thread
20180704235727: START TNC Decoder Thread
20180704235727: Adding Event: PB: Empty..
20180704235727: Adding Event: OK N8MH.
20180704235727: Adding Event: PB: N8MH.
20180704235727: Adding Event: PB: Empty..
20180704235727: Saved directory to disk
20180704235728: Saved directory to disk
20180704235728: Saved directory to disk
20180704235728: Saved directory to disk
20180704235728: Saved directory to disk
20180704235729: Saved directory to disk
20180704235729: Adding Event: PB: AC2CZ\D.
20180704235729: Saved directory to disk
20180704235729: Saved directory to disk
20180704235729: Saved directory to disk
20180704235729: Saved directory to disk
20180704235730: Saved directory to disk
20180704235730: Saved directory to disk
20180704235730: Saved directory to disk
20180704235730: Adding Event: PB: Empty..
20180704235731: Adding Event: OK AC2CZ.
20180704235731: Adding Event: PB: AC2CZ\D.
20180704235731: Adding Event: Open ABCD: 
20180704235731: Saved directory to disk
20180704235731: Saved directory to disk
20180704235731: Saved directory to disk
20180704235731: Saved directory to disk
20180704235731: Saved directory to disk
20180704235732: Saved directory to disk
20180704235732: Saved directory to disk
20180704235732: Saved directory to disk
20180704235732: Saved directory to disk
20180704235732: Saved directory to disk
20180704235732: Saved directory to disk
20180704235733: Saved directory to disk
20180704235733: Saved directory to disk
20180704235733: Saved directory to disk
20180704235734: Saved directory to disk
20180704235734: Adding Event: PB: AC2CZ\D.
20180704235734: Saved directory to disk
20180704235734: Saved directory to disk
20180704235734: Saved directory to disk
20180704235734: Saved directory to disk
20180704235734: Saved directory to disk
20180704235734: Saved directory to disk
20180704235735: Saved directory to disk
20180704235735: Saved directory to disk
20180704235735: Saved directory to disk
20180704235735: Adding Event: PB: Empty..
20180704235735: Adding Event: OK AC2CZ.
20180704235735: Adding Event: PB: AC2CZ\D.
20180704235735: Saved directory to disk
20180704235735: Saved directory to disk
20180704235735: EXIT TNC Decoder Thread
20180704235735: Saved directory to disk
20180704235752: Adding Event: From:AC2CZ to PFS3-11 Ctrl: 3 Type: UI PID: bd FLG: 10 FILE: 0 BLK_SIZE: f4 First HOLE: Mon Jun 11 04:46:37 EDT 2018 - Mon Jan 18 22:14:07 EST 2038
20180704235809: Adding Event: From:AC2CZ to PFS3-12 Ctrl: 3 Type: UI PID: bb FLG: 10 FILE: 1234 BLK_SIZE: f4
20180705000426: Adding Event: From:AC2CZ to PFS3-11 Ctrl: 3 Type: UI PID: bd FLG: 10 FILE: 0 BLK_SIZE: f4 First HOLE: Mon Jun 11 04:46:37 EDT 2018 - Mon Jan 18 22:14:07 EST 2038
20180705000430: Window Closed
